[INFO:2019-05-27 12:12:41,500:application]: Running Lutris 0.5.2
[INFO:2019-05-27 12:12:41,501:__init__]: Running migration: fix_playtime
[INFO:2019-05-27 12:12:41,502:startup]: Using X.Org
[INFO:2019-05-27 12:12:41,503:startup]: Running Mesa driver 19.0.2 on AMD RAVEN (DRM 3.27.0, 5.0.0-13-generic, LLVM 8.0.0) (0x15dd)
[INFO:2019-05-27 12:12:41,503:startup]: GPU: 1002:15DD 1002:15DD using amdgpu drivers
[INFO:2019-05-27 12:12:41,560:startup]: Vulkan is supported
[INFO:2019-05-27 12:12:45,517:dxvk]: Updating DXVK versions
[WARNING:2019-05-27 12:12:46,719:runtime]: Runtime Ubuntu-18.04-i686 is not available locally
[WARNING:2019-05-27 12:12:46,720:runtime]: Runtime Ubuntu-18.04-x86_64 is not available locally
[WARNING:2019-05-27 12:12:46,722:runtime]: Runtime winetricks is not available locally
[WARNING:2019-05-27 12:12:46,727:runtime]: Runtime x360ce is not available locally
[WARNING:2019-05-27 12:12:46,730:runtime]: Runtime dumbxinputemu is not available locally
[WARNING:2019-05-27 12:12:46,732:runtime]: Runtime gamecontrollerdb is not available locally
[WARNING:2019-05-27 12:12:46,734:runtime]: Runtime steam is not available locally
[WARNING:2019-05-27 12:12:46,736:runtime]: Runtime lib64 is not available locally
[WARNING:2019-05-27 12:12:46,738:runtime]: Runtime lib32 is not available locally
[WARNING:2019-05-27 12:12:46,740:runtime]: Runtime p7zip is not available locally
[WARNING:2019-05-27 12:12:47,640:system]: Non existent path: /home/victorgomes/.local/share/lutris/runtime/gamecontrollerdb
[WARNING:2019-05-27 12:12:47,646:system]: Non existent path: /home/victorgomes/.local/share/lutris/runtime/p7zip
[WARNING:2019-05-27 12:12:47,934:system]: Non existent path: /home/victorgomes/.local/share/lutris/runtime/winetricks
[WARNING:2019-05-27 12:12:47,937:system]: Non existent path: /home/victorgomes/.local/share/lutris/runtime/x360ce
[WARNING:2019-05-27 12:12:48,542:system]: Non existent path: /home/victorgomes/.local/share/lutris/runtime/dumbxinputemu
[INFO:2019-05-27 12:12:58,162:runner]: Runtime disabled by system configuration
[INFO:2019-05-27 12:12:58,205:runner]: Runtime disabled by system configuration
[INFO:2019-05-27 12:12:59,775:command]: Full shutdown prevented
[WARNING:2019-05-27 12:13:00,466:game]: Game still running (state: running)
[INFO:2019-05-27 12:13:00,466:game]: Stopping Undertale (steam)
[WARNING:2019-05-27 12:13:05,864:system]: Non existent path: /home/victorgomes/.local/share/lutris/runtime/lib64
[WARNING:2019-05-27 12:13:07,671:system]: Non existent path: /home/victorgomes/.local/share/lutris/runtime/Ubuntu-18.04-i686
[INFO:2019-05-27 12:13:08,541:runner]: Runtime disabled by system configuration
[INFO:2019-05-27 12:13:08,600:runner]: Runtime disabled by system configuration
[INFO:2019-05-27 12:13:09,034:command]: Full shutdown prevented
[WARNING:2019-05-27 12:13:10,613:game]: Game still running (state: running)
[INFO:2019-05-27 12:13:10,613:game]: Stopping Undertale (steam)
[WARNING:2019-05-27 12:13:11,703:system]: Non existent path: /home/victorgomes/.local/share/lutris/runtime/lib32
[WARNING:2019-05-27 12:13:12,966:system]: Non existent path: /home/victorgomes/.local/share/lutris/runtime/steam
[WARNING:2019-05-27 12:13:14,674:system]: Non existent path: /home/victorgomes/.local/share/lutris/runtime/Ubuntu-18.04-x86_64
[INFO:2019-05-27 12:13:22,747:runtime]: Runtime updated
[INFO:2019-05-27 12:13:58,081:runner]: Runtime disabled by system configuration
[WARNING:2019-05-27 12:13:58,099:store]: Can't find game 1 in game list
[WARNING:2019-05-27 12:13:58,199:store]: Can't find game 1 in game list
[INFO:2019-05-27 12:14:13,452:runner]: Runtime disabled by system configuration
[INFO:2019-05-27 12:14:13,486:runner]: Runtime disabled by system configuration
[INFO:2019-05-27 12:14:13,836:command]: Full shutdown prevented
[WARNING:2019-05-27 12:14:15,500:game]: Game still running (state: running)
[INFO:2019-05-27 12:14:15,501:game]: Stopping Undertale (steam)
[INFO:2019-05-27 12:26:37,990:application]: Shutting down Lutris
